<?xml version="1.0" encoding="UTF-8"?>
<!-- Generated by org.testng.reporters.JUnitReportReporter -->
<testsuite hostname="DESKTOP-VSMHV7S" failures="0" tests="2" name="tests.HomePageTest" time="3.485" errors="0" timestamp="2022-08-05T15:38:54 IST" skipped="0">
  <testcase classname="tests.HomePageTest" name="goToTab" time="1.946"/>
  <system-out/>
  <testcase classname="tests.HomePageTest" name="logout" time="1.539"/>
  <system-out/>
</testsuite> <!-- tests.HomePageTest -->
